0 info it worked if it ends with ok
1 verbose cli [ 'node', '/usr/local/bin/npm', 'i', '-g', 'licham' ]
2 info using npm@1.4.3
3 info using node@v0.10.26
4 verbose cache add [ 'licham', null ]
5 verbose cache add name=undefined spec="licham" args=["licham",null]
6 verbose parsed url { protocol: null,
6 verbose parsed url   slashes: null,
6 verbose parsed url   auth: null,
6 verbose parsed url   host: null,
6 verbose parsed url   port: null,
6 verbose parsed url   hostname: null,
6 verbose parsed url   hash: null,
6 verbose parsed url   search: null,
6 verbose parsed url   query: null,
6 verbose parsed url   pathname: 'licham',
6 verbose parsed url   path: 'licham',
6 verbose parsed url   href: 'licham' }
7 silly lockFile 94d86c55-licham licham
8 verbose lock licham /Users/TOBE/.npm/94d86c55-licham.lock
9 silly lockFile 94d86c55-licham licham
10 silly lockFile 94d86c55-licham licham
11 verbose addNamed [ 'licham', '' ]
12 verbose addNamed [ null, '*' ]
13 silly lockFile 1bbdbf7e-licham licham@
14 verbose lock licham@ /Users/TOBE/.npm/1bbdbf7e-licham.lock
15 silly addNameRange { name: 'licham', range: '*', hasData: false }
16 verbose url raw licham
17 verbose url resolving [ 'https://registry.npmjs.org/', './licham' ]
18 verbose url resolved https://registry.npmjs.org/licham
19 info trying registry request attempt 1 at 23:57:06
20 http GET https://registry.npmjs.org/licham
21 http 200 https://registry.npmjs.org/licham
22 silly registry.get cb [ 200,
22 silly registry.get   { server: 'CouchDB/1.6.1 (Erlang OTP/R16B03)',
22 silly registry.get     etag: '"709VW4IYX1MMN5NF05BKYW8WI"',
22 silly registry.get     'content-type': 'application/json',
22 silly registry.get     'cache-control': 'max-age=300',
22 silly registry.get     'content-length': '8763',
22 silly registry.get     'accept-ranges': 'bytes',
22 silly registry.get     date: 'Fri, 08 Jul 2016 14:57:08 GMT',
22 silly registry.get     via: '1.1 varnish',
22 silly registry.get     age: '0',
22 silly registry.get     connection: 'keep-alive',
22 silly registry.get     'x-served-by': 'cache-hkg6825-HKG',
22 silly registry.get     'x-cache': 'MISS',
22 silly registry.get     'x-cache-hits': '0',
22 silly registry.get     'x-timer': 'S1467989827.939508,VS0,VE205',
22 silly registry.get     vary: 'Accept-Encoding' } ]
23 silly addNameRange number 2 { name: 'licham', range: '*', hasData: true }
24 silly addNameRange versions [ 'licham', [ '1.0.1', '1.0.2', '1.0.3', '1.0.4', '1.1.0' ] ]
25 verbose addNamed [ 'licham', '1.1.0' ]
26 verbose addNamed [ '1.1.0', '1.1.0' ]
27 silly lockFile 77a1eca0-licham-1-1-0 licham@1.1.0
28 verbose lock licham@1.1.0 /Users/TOBE/.npm/77a1eca0-licham-1-1-0.lock
29 silly lockFile e4244272-pmjs-org-licham-licham-1-1-0-tgz https://registry.npmjs.org/licham/-/licham-1.1.0.tgz
30 verbose lock https://registry.npmjs.org/licham/-/licham-1.1.0.tgz /Users/TOBE/.npm/e4244272-pmjs-org-licham-licham-1-1-0-tgz.lock
31 verbose addRemoteTarball [ 'https://registry.npmjs.org/licham/-/licham-1.1.0.tgz',
31 verbose addRemoteTarball   '0bd770db9846d7b09ae011befeafdce4c6bb42b5' ]
32 info retry fetch attempt 1 at 23:57:08
33 verbose fetch to= /var/folders/rm/8x26t54j6rg1n2wkm9nlf1_40000gn/T/npm-10245-v62oajdM/1467989828275-0.7226845701225102/tmp.tgz
34 http GET https://registry.npmjs.org/licham/-/licham-1.1.0.tgz
35 http 200 https://registry.npmjs.org/licham/-/licham-1.1.0.tgz
36 verbose tar unpack /var/folders/rm/8x26t54j6rg1n2wkm9nlf1_40000gn/T/npm-10245-v62oajdM/1467989828275-0.7226845701225102/tmp.tgz
37 silly lockFile 8cb5c4de-28275-0-7226845701225102-package tar:///var/folders/rm/8x26t54j6rg1n2wkm9nlf1_40000gn/T/npm-10245-v62oajdM/1467989828275-0.7226845701225102/package
38 verbose lock tar:///var/folders/rm/8x26t54j6rg1n2wkm9nlf1_40000gn/T/npm-10245-v62oajdM/1467989828275-0.7226845701225102/package /Users/TOBE/.npm/8cb5c4de-28275-0-7226845701225102-package.lock
39 silly lockFile 20efcf2e-28275-0-7226845701225102-tmp-tgz tar:///var/folders/rm/8x26t54j6rg1n2wkm9nlf1_40000gn/T/npm-10245-v62oajdM/1467989828275-0.7226845701225102/tmp.tgz
40 verbose lock tar:///var/folders/rm/8x26t54j6rg1n2wkm9nlf1_40000gn/T/npm-10245-v62oajdM/1467989828275-0.7226845701225102/tmp.tgz /Users/TOBE/.npm/20efcf2e-28275-0-7226845701225102-tmp-tgz.lock
41 silly gunzTarPerm modes [ '755', '644' ]
42 silly gunzTarPerm extractEntry package.json
43 silly gunzTarPerm extractEntry README.md
44 silly gunzTarPerm extractEntry dist/cli.js
45 silly gunzTarPerm modified mode [ 'dist/cli.js', 511, 493 ]
46 silly gunzTarPerm extractEntry dist/index.js
47 silly gunzTarPerm extractEntry dist/lib/lunar.js
48 silly lockFile 8cb5c4de-28275-0-7226845701225102-package tar:///var/folders/rm/8x26t54j6rg1n2wkm9nlf1_40000gn/T/npm-10245-v62oajdM/1467989828275-0.7226845701225102/package
49 silly lockFile 8cb5c4de-28275-0-7226845701225102-package tar:///var/folders/rm/8x26t54j6rg1n2wkm9nlf1_40000gn/T/npm-10245-v62oajdM/1467989828275-0.7226845701225102/package
50 silly lockFile 20efcf2e-28275-0-7226845701225102-tmp-tgz tar:///var/folders/rm/8x26t54j6rg1n2wkm9nlf1_40000gn/T/npm-10245-v62oajdM/1467989828275-0.7226845701225102/tmp.tgz
51 silly lockFile 20efcf2e-28275-0-7226845701225102-tmp-tgz tar:///var/folders/rm/8x26t54j6rg1n2wkm9nlf1_40000gn/T/npm-10245-v62oajdM/1467989828275-0.7226845701225102/tmp.tgz
52 verbose tar pack [ '/Users/TOBE/.npm/licham/1.1.0/package.tgz',
52 verbose tar pack   '/var/folders/rm/8x26t54j6rg1n2wkm9nlf1_40000gn/T/npm-10245-v62oajdM/1467989828275-0.7226845701225102/package' ]
53 verbose tarball /Users/TOBE/.npm/licham/1.1.0/package.tgz
54 verbose folder /var/folders/rm/8x26t54j6rg1n2wkm9nlf1_40000gn/T/npm-10245-v62oajdM/1467989828275-0.7226845701225102/package
55 silly lockFile 8cb5c4de-28275-0-7226845701225102-package tar:///var/folders/rm/8x26t54j6rg1n2wkm9nlf1_40000gn/T/npm-10245-v62oajdM/1467989828275-0.7226845701225102/package
56 verbose lock tar:///var/folders/rm/8x26t54j6rg1n2wkm9nlf1_40000gn/T/npm-10245-v62oajdM/1467989828275-0.7226845701225102/package /Users/TOBE/.npm/8cb5c4de-28275-0-7226845701225102-package.lock
57 silly lockFile fedc86db-OBE-npm-licham-1-1-0-package-tgz tar:///Users/TOBE/.npm/licham/1.1.0/package.tgz
58 verbose lock tar:///Users/TOBE/.npm/licham/1.1.0/package.tgz /Users/TOBE/.npm/fedc86db-OBE-npm-licham-1-1-0-package-tgz.lock
59 silly lockFile 8cb5c4de-28275-0-7226845701225102-package tar:///var/folders/rm/8x26t54j6rg1n2wkm9nlf1_40000gn/T/npm-10245-v62oajdM/1467989828275-0.7226845701225102/package
60 silly lockFile 8cb5c4de-28275-0-7226845701225102-package tar:///var/folders/rm/8x26t54j6rg1n2wkm9nlf1_40000gn/T/npm-10245-v62oajdM/1467989828275-0.7226845701225102/package
61 silly lockFile fedc86db-OBE-npm-licham-1-1-0-package-tgz tar:///Users/TOBE/.npm/licham/1.1.0/package.tgz
62 silly lockFile fedc86db-OBE-npm-licham-1-1-0-package-tgz tar:///Users/TOBE/.npm/licham/1.1.0/package.tgz
63 silly lockFile 5f53ff12-rs-TOBE-npm-licham-1-1-0-package /Users/TOBE/.npm/licham/1.1.0/package
64 verbose lock /Users/TOBE/.npm/licham/1.1.0/package /Users/TOBE/.npm/5f53ff12-rs-TOBE-npm-licham-1-1-0-package.lock
65 silly lockFile 5f53ff12-rs-TOBE-npm-licham-1-1-0-package /Users/TOBE/.npm/licham/1.1.0/package
66 silly lockFile 5f53ff12-rs-TOBE-npm-licham-1-1-0-package /Users/TOBE/.npm/licham/1.1.0/package
67 verbose tar unpack /Users/TOBE/.npm/licham/1.1.0/package.tgz
68 silly lockFile c911cd0a-rs-TOBE-npm-licham-1-1-0-package tar:///Users/TOBE/.npm/licham/1.1.0/package
69 verbose lock tar:///Users/TOBE/.npm/licham/1.1.0/package /Users/TOBE/.npm/c911cd0a-rs-TOBE-npm-licham-1-1-0-package.lock
70 silly lockFile fedc86db-OBE-npm-licham-1-1-0-package-tgz tar:///Users/TOBE/.npm/licham/1.1.0/package.tgz
71 verbose lock tar:///Users/TOBE/.npm/licham/1.1.0/package.tgz /Users/TOBE/.npm/fedc86db-OBE-npm-licham-1-1-0-package-tgz.lock
72 silly gunzTarPerm modes [ '755', '644' ]
73 silly gunzTarPerm extractEntry package.json
74 silly gunzTarPerm extractEntry README.md
75 silly gunzTarPerm extractEntry dist/cli.js
76 silly gunzTarPerm extractEntry dist/index.js
77 silly gunzTarPerm extractEntry dist/lib/lunar.js
78 silly lockFile c911cd0a-rs-TOBE-npm-licham-1-1-0-package tar:///Users/TOBE/.npm/licham/1.1.0/package
79 silly lockFile c911cd0a-rs-TOBE-npm-licham-1-1-0-package tar:///Users/TOBE/.npm/licham/1.1.0/package
80 silly lockFile fedc86db-OBE-npm-licham-1-1-0-package-tgz tar:///Users/TOBE/.npm/licham/1.1.0/package.tgz
81 silly lockFile fedc86db-OBE-npm-licham-1-1-0-package-tgz tar:///Users/TOBE/.npm/licham/1.1.0/package.tgz
82 verbose chmod /Users/TOBE/.npm/licham/1.1.0/package.tgz 644
83 verbose chown /Users/TOBE/.npm/licham/1.1.0/package.tgz [ 501, 20 ]
84 silly lockFile e4244272-pmjs-org-licham-licham-1-1-0-tgz https://registry.npmjs.org/licham/-/licham-1.1.0.tgz
85 silly lockFile e4244272-pmjs-org-licham-licham-1-1-0-tgz https://registry.npmjs.org/licham/-/licham-1.1.0.tgz
86 silly lockFile 77a1eca0-licham-1-1-0 licham@1.1.0
87 silly lockFile 77a1eca0-licham-1-1-0 licham@1.1.0
88 silly lockFile 1bbdbf7e-licham licham@
89 silly lockFile 1bbdbf7e-licham licham@
90 silly resolved [ { name: 'licham',
90 silly resolved     version: '1.1.0',
90 silly resolved     description: 'Vietnamese Calendar',
90 silly resolved     main: 'index.js',
90 silly resolved     bin: { licham: './dist/cli.js' },
90 silly resolved     dependencies: { chalk: '^1.1.3', commander: '^2.9.0' },
90 silly resolved     devDependencies:
90 silly resolved      { 'babel-cli': '^6.10.1',
90 silly resolved        'babel-plugin-transform-es2015-modules-commonjs': '^6.10.3',
90 silly resolved        'babel-register': '^6.9.0',
90 silly resolved        standard: '^7.1.2',
90 silly resolved        tape: '^4.6.0' },
90 silly resolved     scripts:
90 silly resolved      { build: 'babel src --out-dir=dist',
90 silly resolved        prepublish: 'npm run build',
90 silly resolved        test: 'standard' },
90 silly resolved     repository:
90 silly resolved      { type: 'git',
90 silly resolved        url: 'git+https://github.com/dominhhai/licham.git' },
90 silly resolved     keywords: [ 'Vietnamese', 'Calendar', 'Lunar', 'Lich', 'Am' ],
90 silly resolved     author: { name: 'Hai Do Minh' },
90 silly resolved     license: 'MIT',
90 silly resolved     bugs: { url: 'https://github.com/dominhhai/licham/issues' },
90 silly resolved     homepage: 'https://github.com/dominhhai/licham#readme',
90 silly resolved     readme: '# licham - Lunar Calendar\n\nCLI and API for [Lunar Calendar](https://en.wikipedia.org/wiki/Lunar_calendar) power by Nodejs.\n\n[![build status](https://secure.travis-ci.org/dominhhai/licham.svg)](http://travis-ci.org/dominhhai/licham) [![js-standard-style](https://img.shields.io/badge/code%20style-standard-brightgreen.svg)](http://standardjs.com/)\n\n# Show case\n## Command Line\n\n## API\n\n# Installation\nGlobal scope:\n`npm install licham -g`\n\nLocal scope:\n`npm install licham --save`\n\n# Usage\n## Command Line\nCLI options\n\n    -h, --help          output usage information\n    -V, --version       output the version number\n    -d, --date [date]   show calendar for specific date (ddMMyyyy|MMyyyy|yyyy)\n    -y, --year          show year calendar\n\n## API\n\n# Contributing\nFeel free to send your PRs!\n\n1. Fork it ٩◔̯◔۶\n2. Install dependencies: `npm install`\n3. Test your changes: `npm test`\n3. Commit your changes: `git commit -m \'Add some feature\'`\n4. Push to your repo: `git push`\n5. Submit a pull request ♥‿♥\n\n✌(-‿-)✌ You can use [git-u](https://www.npmjs.com/package/git-u) for quicker clone: `git-u your_name your_repo`\n\n# License\n[MIT](https://github.com/dominhhai/licham/blob/master/LICENSE)\n',
90 silly resolved     readmeFilename: 'README.md',
90 silly resolved     _id: 'licham@1.1.0',
90 silly resolved     dist: { shasum: '8422d90291308bc560d247a02b701a4b8228ad34' },
90 silly resolved     _from: 'licham@',
90 silly resolved     _resolved: 'https://registry.npmjs.org/licham/-/licham-1.1.0.tgz' } ]
91 info install licham@1.1.0 into /usr/local/lib
92 info installOne licham@1.1.0
93 info /usr/local/lib/node_modules/licham unbuild
94 verbose tar unpack /Users/TOBE/.npm/licham/1.1.0/package.tgz
95 silly lockFile 9fabbffe-sr-local-lib-node-modules-licham tar:///usr/local/lib/node_modules/licham
96 verbose lock tar:///usr/local/lib/node_modules/licham /Users/TOBE/.npm/9fabbffe-sr-local-lib-node-modules-licham.lock
97 silly lockFile fedc86db-OBE-npm-licham-1-1-0-package-tgz tar:///Users/TOBE/.npm/licham/1.1.0/package.tgz
98 verbose lock tar:///Users/TOBE/.npm/licham/1.1.0/package.tgz /Users/TOBE/.npm/fedc86db-OBE-npm-licham-1-1-0-package-tgz.lock
99 silly gunzTarPerm modes [ '755', '644' ]
100 error Error: EACCES, mkdir '/usr/local/lib/node_modules/licham'
100 error  { [Error: EACCES, mkdir '/usr/local/lib/node_modules/licham']
100 error   errno: 3,
100 error   code: 'EACCES',
100 error   path: '/usr/local/lib/node_modules/licham',
100 error   fstream_type: 'Directory',
100 error   fstream_path: '/usr/local/lib/node_modules/licham',
100 error   fstream_class: 'DirWriter',
100 error   fstream_stack:
100 error    [ '/usr/local/lib/node_modules/npm/node_modules/fstream/lib/dir-writer.js:36:23',
100 error      '/usr/local/lib/node_modules/npm/node_modules/mkdirp/index.js:37:53',
100 error      'Object.oncomplete (fs.js:107:15)' ] }
101 error Please try running this command again as root/Administrator.
102 error System Darwin 15.2.0
103 error command "node" "/usr/local/bin/npm" "i" "-g" "licham"
104 error cwd /Users/TOBE/code/project
105 error node -v v0.10.26
106 error npm -v 1.4.3
107 error path /usr/local/lib/node_modules/licham
108 error fstream_path /usr/local/lib/node_modules/licham
109 error fstream_type Directory
110 error fstream_class DirWriter
111 error code EACCES
112 error errno 3
113 error stack Error: EACCES, mkdir '/usr/local/lib/node_modules/licham'
114 error fstream_stack /usr/local/lib/node_modules/npm/node_modules/fstream/lib/dir-writer.js:36:23
114 error fstream_stack /usr/local/lib/node_modules/npm/node_modules/mkdirp/index.js:37:53
114 error fstream_stack Object.oncomplete (fs.js:107:15)
115 verbose exit [ 3, true ]
